<?xml version="1.0" encoding="UTF-8"?>
<!-- Generated by org.testng.reporters.JUnitReportReporter -->
<testsuite skipped="0" hostname="DESKTOP-488FP15" name="com.ActiTime.test.TC02Test" tests="2" failures="0" timestamp="09 Jun 2019 08:14:23 GMT" time="58.493" errors="0">
  <testcase name="InvalidLogin" time="29.140" classname="com.ActiTime.test.TC02Test"/>
  <testcase name="InvalidLogin" time="29.353" classname="com.ActiTime.test.TC02Test"/>
</testsuite> <!-- com.ActiTime.test.TC02Test -->
