<?xml version="1.0" encoding="UTF-8"?>
<!-- Generated by org.testng.reporters.JUnitReportReporter -->
<testsuite skipped="0" hostname="DESKTOP-488FP15" name="com.ActiTime.test.demo" tests="1" failures="0" timestamp="08 Jun 2019 07:38:49 GMT" time="0.672" errors="0">
  <testcase name="testA" time="0.672" classname="com.ActiTime.test.demo"/>
</testsuite> <!-- com.ActiTime.test.demo -->
